<?xml version="1.0" encoding="UTF-8"?>
<!-- Generated by org.testng.reporters.JUnitReportReporter -->
<testsuite hostname="LAPTOP-A3J28KJF" failures="0" tests="2" name="com.vtiger.tests.LoginTest" time="1.954" errors="0" timestamp="2022-08-17T00:23:42 IST" skipped="0">
  <testcase classname="com.vtiger.tests.LoginTest" name="verify_login_with_valid_credentials_TC02" time="1.439"/>
  <system-out/>
  <testcase classname="com.vtiger.tests.LoginTest" name="verify_login_with_invalid_credentials_TC01" time="0.515"/>
  <system-out/>
</testsuite> <!-- com.vtiger.tests.LoginTest -->
