<?xml version="1.0" encoding="UTF-8"?>
<!-- Generated by org.testng.reporters.JUnitReportReporter -->
<testsuite hostname="LAPTOP-A3J28KJF" failures="0" tests="1" name="com.vtiger.tests.AccountTest" time="3.244" errors="0" timestamp="2022-08-17T00:23:42 IST" skipped="0">
  <testcase classname="com.vtiger.tests.AccountTest" name="verify_accountcreation_with_mandatory_fields_TC04" time="3.244"/>
  <system-out/>
</testsuite> <!-- com.vtiger.tests.AccountTest -->
