<?xml version="1.0" encoding="UTF-8"?>
<!-- Generated by org.testng.reporters.JUnitReportReporter -->
<testsuite hostname="LAPTOP-A3J28KJF" failures="0" tests="1" name="com.vtiger.tests.LeadTest" time="2.715" errors="0" timestamp="2022-08-17T00:23:42 IST" skipped="0">
  <testcase classname="com.vtiger.tests.LeadTest" name="verify_leadcreation_with_mandatory_fields_TC03" time="2.715"/>
  <system-out/>
</testsuite> <!-- com.vtiger.tests.LeadTest -->
